<?xml version="1.0" encoding="UTF-8"?>
<!-- Generated by org.testng.reporters.JUnitReportReporter -->
<testsuite hostname="Chetan-pc" failures="0" tests="2" name="com.vtiger.crm.orgtest.Working_with_OrganizationModuleTest" time="28.916" errors="0" timestamp="2024-09-05T16:42:26 IST" skipped="0">
  <testcase classname="com.vtiger.crm.orgtest.Working_with_OrganizationModuleTest" name="createOrgWithIndustryAndType" time="13.500"/>
  <system-out/>
  <testcase classname="com.vtiger.crm.orgtest.Working_with_OrganizationModuleTest" name="createOrgWithNumber" time="15.416"/>
  <system-out/>
</testsuite> <!-- com.vtiger.crm.orgtest.Working_with_OrganizationModuleTest -->
