<?xml version="1.0" encoding="UTF-8"?>
<!-- Generated by org.testng.reporters.JUnitReportReporter -->
<testsuite hostname="Chetan-pc" failures="0" tests="2" name="com.vtiger.crm.contacttest.Working_with_ContactModuleTest" time="37.811" errors="0" timestamp="2024-09-05T16:42:26 IST" skipped="0">
  <testcase classname="com.vtiger.crm.contacttest.Working_with_ContactModuleTest" name="createContactwithDate" time="14.369"/>
  <system-out/>
  <testcase classname="com.vtiger.crm.contacttest.Working_with_ContactModuleTest" name="createContactwithOrgTest" time="23.442"/>
  <system-out/>
</testsuite> <!-- com.vtiger.crm.contacttest.Working_with_ContactModuleTest -->
